<?xml version="1.0" encoding="UTF-8"?>
<testng-results skipped="0" failed="0" ignored="0" total="1" passed="1">
  <reporter-output>
  </reporter-output>
  <suite name="Default suite" duration-ms="50" started-at="2021-09-03T10:48:29 AEST" finished-at="2021-09-03T10:48:29 AEST">
    <groups>
    </groups>
    <test name="Default test" duration-ms="50" started-at="2021-09-03T10:48:29 AEST" finished-at="2021-09-03T10:48:29 AEST">
      <class name="co.edureka.pages.TestngAnnotations">
        <test-method status="PASS" signature="beforeClass()[pri:0, instance:co.edureka.pages.TestngAnnotations@57e1b0c]" name="beforeClass" is-config="true" duration-ms="7" started-at="2021-09-03T10:48:29 AEST" finished-at="2021-09-03T10:48:29 AEST">
          <reporter-output>
          </reporter-output>
        </test-method> <!-- beforeClass -->
        <test-method status="PASS" signature="beforeMethod()[pri:0, instance:co.edureka.pages.TestngAnnotations@57e1b0c]" name="beforeMethod" is-config="true" duration-ms="0" started-at="2021-09-03T10:48:29 AEST" finished-at="2021-09-03T10:48:29 AEST">
          <reporter-output>
          </reporter-output>
        </test-method> <!-- beforeMethod -->
        <test-method status="PASS" signature="afterMethod()[pri:0, instance:co.edureka.pages.TestngAnnotations@57e1b0c]" name="afterMethod" duration-ms="5" started-at="2021-09-03T10:48:29 AEST" finished-at="2021-09-03T10:48:29 AEST">
          <reporter-output>
          </reporter-output>
        </test-method> <!-- afterMethod -->
        <test-method status="PASS" signature="afterClass()[pri:0, instance:co.edureka.pages.TestngAnnotations@57e1b0c]" name="afterClass" is-config="true" duration-ms="1" started-at="2021-09-03T10:48:29 AEST" finished-at="2021-09-03T10:48:29 AEST">
          <reporter-output>
          </reporter-output>
        </test-method> <!-- afterClass -->
      </class> <!-- co.edureka.pages.TestngAnnotations -->
    </test> <!-- Default test -->
  </suite> <!-- Default suite -->
</testng-results>
